Fri May 01 2020 13:46:19 GMT+1200 (New Zealand Standard Time) : 200 - GET - /posts?djkd=234 - ::1 - user(a4e0eeb0-8a9b-11ea-9413-3f519716aad3) 
Fri May 01 2020 14:18:12 GMT+1200 (New Zealand Standard Time) : 200 - POST - /auth/login - ::1 - user(null) 
Fri May 01 2020 14:23:40 GMT+1200 (New Zealand Standard Time) : 401 - GET - /posts?djkd=234 - ::1 - user(null) 
Fri May 01 2020 14:26:40 GMT+1200 (New Zealand Standard Time) : 401 - GET - /posts?djkd=234 - ::1 - user(null) 
Fri May 01 2020 14:41:01 GMT+1200 (New Zealand Standard Time) : 401 - POST - /posts - ::1 - user(null) 
Fri May 01 2020 14:41:09 GMT+1200 (New Zealand Standard Time) : 200 - POST - /auth/login - ::1 - user(null) 
Fri May 01 2020 14:41:27 GMT+1200 (New Zealand Standard Time) : 401 - POST - /posts - ::1 - user(null) 
Fri May 01 2020 14:41:32 GMT+1200 (New Zealand Standard Time) : 401 - POST - /posts - ::1 - user(null) 
Fri May 01 2020 14:41:43 GMT+1200 (New Zealand Standard Time) : 201 - POST - /posts - ::1 - user(a4e0eeb0-8a9b-11ea-9413-3f519716aad3) 
Fri May 01 2020 14:42:01 GMT+1200 (New Zealand Standard Time) : 201 - POST - /posts - ::1 - user(a4e0eeb0-8a9b-11ea-9413-3f519716aad3) 
Fri May 01 2020 14:44:07 GMT+1200 (New Zealand Standard Time) : 201 - POST - /posts - ::1 - user(a4e0eeb0-8a9b-11ea-9413-3f519716aad3) 
Fri May 01 2020 15:30:01 GMT+1200 (New Zealand Standard Time) : 200 - POST - /auth/login - ::1 - user(null) 
Fri May 01 2020 15:30:07 GMT+1200 (New Zealand Standard Time) : 400 - POST - /auth/login - ::1 - user(null) 
Fri May 01 2020 15:30:19 GMT+1200 (New Zealand Standard Time) : 400 - POST - /auth/login - ::1 - user(null) 
Fri May 01 2020 15:57:10 GMT+1200 (New Zealand Standard Time) : 400 - POST - /auth/login - ::1 - user(null) 
Fri May 01 2020 15:57:17 GMT+1200 (New Zealand Standard Time) : 200 - POST - /auth/login - ::1 - user(null) 
Fri May 01 2020 15:57:23 GMT+1200 (New Zealand Standard Time) : 200 - POST - /auth/register - ::1 - user(null) 
Fri May 01 2020 15:57:29 GMT+1200 (New Zealand Standard Time) : 400 - POST - /auth/register - ::1 - user(null) 
Fri May 01 2020 16:37:46 GMT+1200 (New Zealand Standard Time) : 401 - POST - /posts - ::1 - user(null) 
Fri May 01 2020 16:37:51 GMT+1200 (New Zealand Standard Time) : 200 - POST - /auth/login - ::1 - user(null) 
Fri May 01 2020 16:38:02 GMT+1200 (New Zealand Standard Time) : 400 - POST - /posts - ::1 - user(a4e0eeb0-8a9b-11ea-9413-3f519716aad3) 
Fri May 01 2020 16:39:11 GMT+1200 (New Zealand Standard Time) : 400 - POST - /posts - ::1 - user(a4e0eeb0-8a9b-11ea-9413-3f519716aad3) 
Fri May 01 2020 16:39:12 GMT+1200 (New Zealand Standard Time) : 400 - POST - /posts - ::1 - user(a4e0eeb0-8a9b-11ea-9413-3f519716aad3) 
Fri May 01 2020 16:39:14 GMT+1200 (New Zealand Standard Time) : 400 - POST - /posts - ::1 - user(a4e0eeb0-8a9b-11ea-9413-3f519716aad3) 
Fri May 01 2020 16:39:24 GMT+1200 (New Zealand Standard Time) : 400 - POST - /posts - ::1 - user(a4e0eeb0-8a9b-11ea-9413-3f519716aad3) 
Fri May 01 2020 16:44:24 GMT+1200 (New Zealand Standard Time) : 400 - POST - /posts - ::1 - user(a4e0eeb0-8a9b-11ea-9413-3f519716aad3) 
Fri May 01 2020 16:46:17 GMT+1200 (New Zealand Standard Time) : 400 - POST - /posts - ::1 - user(a4e0eeb0-8a9b-11ea-9413-3f519716aad3) 
Fri May 01 2020 16:46:52 GMT+1200 (New Zealand Standard Time) : 400 - POST - /posts - ::1 - user(a4e0eeb0-8a9b-11ea-9413-3f519716aad3) 
Fri May 01 2020 16:47:27 GMT+1200 (New Zealand Standard Time) : 400 - POST - /posts - ::1 - user(a4e0eeb0-8a9b-11ea-9413-3f519716aad3) 
Fri May 01 2020 16:47:46 GMT+1200 (New Zealand Standard Time) : 400 - POST - /posts - ::1 - user(a4e0eeb0-8a9b-11ea-9413-3f519716aad3) 
Fri May 01 2020 16:49:31 GMT+1200 (New Zealand Standard Time) : 400 - POST - /posts - ::1 - user(a4e0eeb0-8a9b-11ea-9413-3f519716aad3) 
Fri May 01 2020 16:51:50 GMT+1200 (New Zealand Standard Time) : 400 - POST - /posts - ::1 - user(a4e0eeb0-8a9b-11ea-9413-3f519716aad3) 
Fri May 01 2020 18:38:34 GMT+1200 (New Zealand Standard Time) : 401 - POST - /posts - ::1 - user(null) 
Fri May 01 2020 18:38:39 GMT+1200 (New Zealand Standard Time) : 200 - POST - /auth/login - ::1 - user(null) 
Fri May 01 2020 18:38:53 GMT+1200 (New Zealand Standard Time) : 400 - POST - /posts - ::1 - user(a4e0eeb0-8a9b-11ea-9413-3f519716aad3) 
Fri May 01 2020 18:42:34 GMT+1200 (New Zealand Standard Time) : 400 - POST - /posts - ::1 - user(a4e0eeb0-8a9b-11ea-9413-3f519716aad3) 
Fri May 01 2020 18:52:13 GMT+1200 (New Zealand Standard Time) : 200 - POST - /posts - ::1 - user(a4e0eeb0-8a9b-11ea-9413-3f519716aad3) 
Fri May 01 2020 18:53:16 GMT+1200 (New Zealand Standard Time) : 200 - POST - /posts - ::1 - user(a4e0eeb0-8a9b-11ea-9413-3f519716aad3) 
Fri May 01 2020 18:55:02 GMT+1200 (New Zealand Standard Time) : 400 - POST - /posts - ::1 - user(a4e0eeb0-8a9b-11ea-9413-3f519716aad3) 
Fri May 01 2020 18:58:09 GMT+1200 (New Zealand Standard Time) : 500 - POST - /posts - ::1 - user(a4e0eeb0-8a9b-11ea-9413-3f519716aad3) 
Fri May 01 2020 18:58:44 GMT+1200 (New Zealand Standard Time) : 500 - POST - /posts - ::1 - user(a4e0eeb0-8a9b-11ea-9413-3f519716aad3) 
Fri May 01 2020 19:02:55 GMT+1200 (New Zealand Standard Time) : 400 - POST - /posts - ::1 - user(a4e0eeb0-8a9b-11ea-9413-3f519716aad3) 
Fri May 01 2020 19:16:17 GMT+1200 (New Zealand Standard Time) : 400 - POST - /posts - ::1 - user(a4e0eeb0-8a9b-11ea-9413-3f519716aad3) 
Fri May 01 2020 19:16:25 GMT+1200 (New Zealand Standard Time) : 200 - POST - /posts - ::1 - user(a4e0eeb0-8a9b-11ea-9413-3f519716aad3) 
Fri May 01 2020 19:19:42 GMT+1200 (New Zealand Standard Time) : 400 - POST - /posts - ::1 - user(a4e0eeb0-8a9b-11ea-9413-3f519716aad3) 
